[19:50:58] [Server thread/INFO]: Starting minecraft server version 1.12.2
[19:50:58] [Server thread/INFO]: Loading properties
[19:50:58] [Server thread/INFO]: Default game type: SURVIVAL
[19:50:58] [Server thread/INFO]: This server is running CraftBukkit version git-Spigot-dcd1643-e60fc34 (MC: 1.12.2) (Implementing API version 1.12.2-R0.1-SNAPSHOT)
[19:50:59] [Server thread/INFO]: Debug logging is disabled
[19:50:59] [Server thread/INFO]: Using 4 threads for Netty based IO
[19:50:59] [Server thread/INFO]: Server Ping Player Sample Count: 12
[19:50:59] [Server thread/INFO]: Generating keypair
[19:51:00] [Server thread/INFO]: Starting Minecraft server on *:25565
[19:51:00] [Server thread/INFO]: Using default channel type
[19:51:01] [Server thread/INFO]: Set PluginClassLoader as parallel capable
[19:51:02] [Server thread/INFO]: [FastAsyncWorldEdit] Loading FastAsyncWorldEdit v19.11.13-5505943-1282-22.3.5
[19:51:02] [Server thread/INFO]: [Skript] Loading Skript v2.3.6
[19:51:02] [Server thread/INFO]: [SkBee] Loading SkBee v1.8.3
[19:51:02] [Server thread/INFO]: [Multiverse-Core] Loading Multiverse-Core v2.5.0-b727
[19:51:02] [Server thread/INFO]: [Skellett] Loading Skellett v1.9.8
[19:51:02] [Server thread/INFO]: [WorldEdit] Loading WorldEdit v6.1.7;dd00bb1
[19:51:02] [Server thread/INFO]: [skRayFall] Loading skRayFall v1.9.18
[19:51:02] [Server thread/INFO]: [SkQuery] Loading SkQuery v3.6.5
[19:51:02] [Server thread/INFO]: [FastAsyncWorldEdit] Enabling FastAsyncWorldEdit v19.11.13-5505943-1282-22.3.5
[19:51:02] [Server thread/INFO]: [0;35;1mVault is used for persistent `/wea` toggles.[m
[19:51:05] [Server thread/INFO]: ====== USE PAPER ======[m
[19:51:05] [Server thread/INFO]: DOWNLOAD: https://ci.destroystokyo.com/job/PaperSpigot/[m
[19:51:05] [Server thread/INFO]: GUIDE: https://www.spigotmc.org/threads/21726/[m
[19:51:05] [Server thread/INFO]:  - This is only a recommendation[m
[19:51:05] [Server thread/INFO]: ==============================[m
[19:51:05] [Server thread/INFO]: **** Beginning UUID conversion, this may take A LONG time ****
[19:51:05] [Server thread/INFO]: Preparing level "world"
[19:51:05] [Server thread/INFO]: -------- World Settings For [world] --------
[19:51:05] [Server thread/INFO]: Item Merge Radius: 2.5
[19:51:05] [Server thread/INFO]: Item Despawn Rate: 6000
[19:51:05] [Server thread/INFO]: View Distance: 10
[19:51:05] [Server thread/INFO]: Arrow Despawn Rate: 1200
[19:51:05] [Server thread/INFO]: Allow Zombie Pigmen to spawn from portal blocks: true
[19:51:05] [Server thread/INFO]: Custom Map Seeds:  Village: 10387312 Feature: 14357617 Monument: 10387313 Slime: 987234911
[19:51:05] [Server thread/INFO]: Experience Merge Radius: 3.0
[19:51:05] [Server thread/INFO]: Nerfing mobs spawned from spawners: false
[19:51:05] [Server thread/INFO]: Mob Spawn Range: 4
[19:51:05] [Server thread/INFO]: Cactus Growth Modifier: 100%
[19:51:05] [Server thread/INFO]: Cane Growth Modifier: 100%
[19:51:05] [Server thread/INFO]: Melon Growth Modifier: 100%
[19:51:05] [Server thread/INFO]: Mushroom Growth Modifier: 100%
[19:51:05] [Server thread/INFO]: Pumpkin Growth Modifier: 100%
[19:51:05] [Server thread/INFO]: Sapling Growth Modifier: 100%
[19:51:05] [Server thread/INFO]: Wheat Growth Modifier: 100%
[19:51:05] [Server thread/INFO]: NetherWart Growth Modifier: 100%
[19:51:05] [Server thread/INFO]: Vine Growth Modifier: 100%
[19:51:05] [Server thread/INFO]: Cocoa Growth Modifier: 100%
[19:51:05] [Server thread/INFO]: Hopper Transfer: 8 Hopper Check: 1 Hopper Amount: 1
[19:51:05] [Server thread/INFO]: Random Lighting Updates: false
[19:51:05] [Server thread/INFO]: Entity Activation Range: An 32 / Mo 32 / Mi 16 / Tiv true
[19:51:05] [Server thread/INFO]: Entity Tracking Range: Pl 48 / An 48 / Mo 48 / Mi 32 / Other 64
[19:51:05] [Server thread/INFO]: Structure Info Saving: true
[19:51:05] [Server thread/INFO]: Tile Max Tick Time: 50ms Entity max Tick Time: 50ms
[19:51:05] [Server thread/INFO]: Max TNT Explosions: 100
[19:51:05] [Server thread/INFO]: Zombie Aggressive Towards Villager: true
[19:51:06] [Server thread/INFO]: -------- World Settings For [world_nether] --------
[19:51:06] [Server thread/INFO]: Item Merge Radius: 2.5
[19:51:06] [Server thread/INFO]: Item Despawn Rate: 6000
[19:51:06] [Server thread/INFO]: View Distance: 10
[19:51:06] [Server thread/INFO]: Arrow Despawn Rate: 1200
[19:51:06] [Server thread/INFO]: Allow Zombie Pigmen to spawn from portal blocks: true
[19:51:06] [Server thread/INFO]: Custom Map Seeds:  Village: 10387312 Feature: 14357617 Monument: 10387313 Slime: 987234911
[19:51:06] [Server thread/INFO]: Experience Merge Radius: 3.0
[19:51:06] [Server thread/INFO]: Nerfing mobs spawned from spawners: false
[19:51:06] [Server thread/INFO]: Mob Spawn Range: 4
[19:51:06] [Server thread/INFO]: Cactus Growth Modifier: 100%
[19:51:06] [Server thread/INFO]: Cane Growth Modifier: 100%
[19:51:06] [Server thread/INFO]: Melon Growth Modifier: 100%
[19:51:06] [Server thread/INFO]: Mushroom Growth Modifier: 100%
[19:51:06] [Server thread/INFO]: Pumpkin Growth Modifier: 100%
[19:51:06] [Server thread/INFO]: Sapling Growth Modifier: 100%
[19:51:06] [Server thread/INFO]: Wheat Growth Modifier: 100%
[19:51:06] [Server thread/INFO]: NetherWart Growth Modifier: 100%
[19:51:06] [Server thread/INFO]: Vine Growth Modifier: 100%
[19:51:06] [Server thread/INFO]: Cocoa Growth Modifier: 100%
[19:51:06] [Server thread/INFO]: Hopper Transfer: 8 Hopper Check: 1 Hopper Amount: 1
[19:51:06] [Server thread/INFO]: Random Lighting Updates: false
[19:51:06] [Server thread/INFO]: Entity Activation Range: An 32 / Mo 32 / Mi 16 / Tiv true
[19:51:06] [Server thread/INFO]: Entity Tracking Range: Pl 48 / An 48 / Mo 48 / Mi 32 / Other 64
[19:51:06] [Server thread/INFO]: Structure Info Saving: true
[19:51:06] [Server thread/INFO]: Tile Max Tick Time: 50ms Entity max Tick Time: 50ms
[19:51:06] [Server thread/INFO]: Max TNT Explosions: 100
[19:51:06] [Server thread/INFO]: Zombie Aggressive Towards Villager: true
[19:51:06] [Server thread/INFO]: -------- World Settings For [world_the_end] --------
[19:51:06] [Server thread/INFO]: Item Merge Radius: 2.5
[19:51:06] [Server thread/INFO]: Item Despawn Rate: 6000
[19:51:06] [Server thread/INFO]: View Distance: 10
[19:51:06] [Server thread/INFO]: Arrow Despawn Rate: 1200
[19:51:06] [Server thread/INFO]: Allow Zombie Pigmen to spawn from portal blocks: true
[19:51:06] [Server thread/INFO]: Custom Map Seeds:  Village: 10387312 Feature: 14357617 Monument: 10387313 Slime: 987234911
[19:51:06] [Server thread/INFO]: Experience Merge Radius: 3.0
[19:51:06] [Server thread/INFO]: Nerfing mobs spawned from spawners: false
[19:51:06] [Server thread/INFO]: Mob Spawn Range: 4
[19:51:06] [Server thread/INFO]: Cactus Growth Modifier: 100%
[19:51:06] [Server thread/INFO]: Cane Growth Modifier: 100%
[19:51:06] [Server thread/INFO]: Melon Growth Modifier: 100%
[19:51:06] [Server thread/INFO]: Mushroom Growth Modifier: 100%
[19:51:06] [Server thread/INFO]: Pumpkin Growth Modifier: 100%
[19:51:06] [Server thread/INFO]: Sapling Growth Modifier: 100%
[19:51:06] [Server thread/INFO]: Wheat Growth Modifier: 100%
[19:51:06] [Server thread/INFO]: NetherWart Growth Modifier: 100%
[19:51:06] [Server thread/INFO]: Vine Growth Modifier: 100%
[19:51:06] [Server thread/INFO]: Cocoa Growth Modifier: 100%
[19:51:06] [Server thread/INFO]: Hopper Transfer: 8 Hopper Check: 1 Hopper Amount: 1
[19:51:06] [Server thread/INFO]: Random Lighting Updates: false
[19:51:06] [Server thread/INFO]: Entity Activation Range: An 32 / Mo 32 / Mi 16 / Tiv true
[19:51:06] [Server thread/INFO]: Entity Tracking Range: Pl 48 / An 48 / Mo 48 / Mi 32 / Other 64
[19:51:06] [Server thread/INFO]: Structure Info Saving: true
[19:51:06] [Server thread/INFO]: Tile Max Tick Time: 50ms Entity max Tick Time: 50ms
[19:51:06] [Server thread/INFO]: Max TNT Explosions: 100
[19:51:06] [Server thread/INFO]: Zombie Aggressive Towards Villager: true
[19:51:06] [Server thread/INFO]: Preparing start region for level 0 (Seed: 631472106539162793)
[19:51:07] [Server thread/INFO]: Preparing spawn area: 3%
[19:51:08] [Server thread/INFO]: Preparing spawn area: 44%
[19:51:09] [Server thread/INFO]: Preparing start region for level 1 (Seed: 631472106539162793)
[19:51:10] [Server thread/INFO]: Preparing spawn area: 48%
[19:51:10] [Server thread/INFO]: Preparing start region for level 2 (Seed: 631472106539162793)
[19:51:11] [Server thread/INFO]: Preparing spawn area: 51%
[19:51:12] [Server thread/INFO]: [Skript] Enabling Skript v2.3.6
[19:51:16] [ForkJoinPool.commonPool-worker-1/INFO]: [0;37;22m[[0;33;22mSkript[0;37;22m][m A new version of Skript is available: [0;33;22m2.5.1[m (you're currently running [0;33;22m2.3.6[m)[m
[19:51:16] [ForkJoinPool.commonPool-worker-1/INFO]: [0;37;1mDownload it at: <aqua><u><link:https://github.com/SkriptLang/Skript/releases/download/2.5.1/Skript.jar>https://github.com/SkriptLang/Skript/releases/download/2.5.1/Skript.jar[m
[19:51:16] [Server thread/INFO]: [Skript] Loaded 18097 aliases in 3429ms
[19:51:17] [Server thread/INFO]: [Skript]  ~ created by & ? Peter G?ttinger aka Njol ~
[19:51:17] [Server thread/INFO]: [SkBee] Enabling SkBee v1.8.3
[19:51:17] [Server thread/INFO]: [0;37;22m[[0;36;1mSk[0;36;22mBee[0;37;22m] [0;32;1mLoading NBTApi...[m
[19:51:17] [Server thread/INFO]: [0;37;22m[[0;36;1mSk[0;36;22mBee[0;37;22m] [0;37;22m[[0;36;1mNBT[0;36;22mAPI[0;37;22m] Found Spigot: v1_12_R1! Trying to find NMS support[m
[19:51:17] [Server thread/INFO]: [0;37;22m[[0;36;1mSk[0;36;22mBee[0;37;22m] [0;37;22m[[0;36;1mNBT[0;36;22mAPI[0;37;22m] NMS support 'MC1_12_R1' loaded![m
[19:51:17] [Server thread/INFO]: [0;37;22m[[0;36;1mSk[0;36;22mBee[0;37;22m] [0;37;22m[[0;36;1mNBT[0;36;22mAPI[0;37;22m] Found Gson: class com.google.gson.Gson[m
[19:51:17] [Server thread/INFO]: [0;37;22m[[0;36;1mSk[0;36;22mBee[0;37;22m] [0;37;22m[[0;36;1mNBT[0;36;22mAPI[0;37;22m] Using the plugin 'FastAsyncWorldEdit' to create a bStats instance![m
[19:51:17] [Server thread/INFO]: [0;37;22m[[0;36;1mSk[0;36;22mBee[0;37;22m] [0;32;1mSuccessfully loaded NBTApi![m
[19:51:17] [Server thread/INFO]: [0;37;22m[[0;36;1mSk[0;36;22mBee[0;37;22m] [0;35;22mNBT Elements [0;32;1msuccessfully loaded[m
[19:51:17] [Server thread/INFO]: [0;37;22m[[0;36;1mSk[0;36;22mBee[0;37;22m] [0;35;22mRecipe Elements [0;31;1mdisabled[m
[19:51:17] [Server thread/INFO]: [0;37;22m[[0;36;1mSk[0;36;22mBee[0;37;22m] [0;37;22m - Recipe elements are only available on 1.13+[m
[19:51:17] [Server thread/INFO]: [0;37;22m[[0;36;1mSk[0;36;22mBee[0;37;22m] [0;35;22mScoreboard Elements [0;32;1msuccessfully loaded[m
[19:51:18] [Server thread/INFO]: [0;37;22m[[0;36;1mSk[0;36;22mBee[0;37;22m] [0;35;22mBound Elements [0;32;1msuccessfully loaded[m
[19:51:18] [Server thread/INFO]: [0;37;22m[[0;36;1mSk[0;36;22mBee[0;37;22m] [0;35;22mText Component Elements [0;32;1msuccessfully loaded[m
[19:51:18] [Server thread/INFO]: [0;37;22m[[0;36;1mSk[0;36;22mBee[0;37;22m] [0;35;22mPathfinding [0;31;1mdisabled[m
[19:51:18] [Server thread/INFO]: [0;37;22m[[0;36;1mSk[0;36;22mBee[0;37;22m] [0;37;22m - Pathfinding elements are only available on Paper 1.13+[m
[19:51:18] [Server thread/INFO]: [0;37;22m[[0;36;1mSk[0;36;22mBee[0;37;22m] [0;35;22mStructure Elements [0;32;1msuccessfully loaded[m
[19:51:18] [Server thread/INFO]: [0;37;22m[[0;36;1mSk[0;36;22mBee[0;37;22m] [0;35;22mOther Elements [0;32;1msuccessfully loaded[m
[19:51:18] [Server thread/INFO]: [0;37;22m[[0;36;1mSk[0;36;22mBee[0;37;22m] [0;35;22mVirtual Furnace Elements [0;31;1mdisabled[m
[19:51:18] [Server thread/INFO]: [0;37;22m[[0;36;1mSk[0;36;22mBee[0;37;22m] [0;37;22m - Virtual Furnace elements are only available on 1.13+[m
[19:51:18] [Server thread/INFO]: [0;37;22m[[0;36;1mSk[0;36;22mBee[0;37;22m] [0;35;22mWorld Creator Elements [0;31;1mdisabled via config[m
[19:51:18] [Server thread/INFO]: [0;37;22m[[0;36;1mSk[0;36;22mBee[0;37;22m] [0;32;1mSuccessfully enabled v1.8.3[0;37;22m in [0;36;1m0.77 seconds[m
[19:51:18] [Server thread/INFO]: [Multiverse-Core] Enabling Multiverse-Core v2.5.0-b727
[19:51:19] [Server thread/INFO]: [Multiverse-Core] 3 - World(s) loaded.
[19:51:19] [Server thread/INFO]: [Multiverse-Core] Version 2.5.0-b727 (API v20) Enabled - By Rigby, fernferret, lithium3141, main-- and dumptruckman
[19:51:19] [Server thread/INFO]: [Skellett] Enabling Skellett v1.9.8
[19:51:23] [Server thread/INFO]: [0;30;1m[[0;32;1mSkellett[0;30;1m] [0;33;1mRegistered [0;32;1m53 [0;33;1mEffects, [0;32;1m16[0;33;1m Conditions, [0;32;1m142[0;33;1m Expressions and [0;32;1m25[0;33;1m Events[m
[19:51:23] [Server thread/INFO]: [0;30;1m[[0;32;1mSkellett[0;30;1m] [0;33;1m[0;32;1mHas been enabled![m
[19:51:23] [Server thread/INFO]: [WorldEdit] Enabling WorldEdit v6.1.7;dd00bb1
[19:51:23] [Server thread/INFO]: WEPIF: Using the Bukkit Permissions API.
[19:51:24] [Server thread/INFO]: [WorldEdit] Using com.sk89q.worldedit.bukkit.adapter.impl.Spigot_v1_12_R1 as the Bukkit adapter
[19:51:24] [Server thread/INFO]: [skRayFall] Enabling skRayFall v1.9.18
[19:51:24] [Server thread/INFO]: [skRayFall] Yay! You are running skRayFall 1.9.18!
[19:51:24] [Server thread/INFO]: [skRayFall] Nathan and Lewis <3 you.
[19:51:24] [Server thread/INFO]: [skRayFall] Cooking Bacon...
[19:51:24] [Server thread/INFO]: [skRayFall] Citizens not found! Sorry you cant make friends, but don't worry we will still be your friend <3
[19:51:24] [Server thread/INFO]: [skRayFall] Got bacon for the EffectLib particle ninjas!
[19:51:24] [Server thread/INFO]: [skRayFall] No Votifier Found! *Checks oven for finished bacon*
[19:51:24] [Server thread/INFO]: [skRayFall] Enabling general 1.8+ bacon!
[19:51:24] [Server thread/INFO]: [skRayFall] Getting the general 1.9+ bacon!
[19:51:24] [Server thread/INFO]: [skRayFall] Getting the extra special 1.12 bacon!
[19:51:26] [Server thread/INFO]: [[0;36;22mskRayFall[m] [0;31;1mAn update for skRayFall is available![m
[19:51:26] [Server thread/INFO]: [skRayFall] Bacon is ready!
[19:51:26] [Server thread/INFO]: [SkQuery] Enabling SkQuery v3.6.5
[19:51:26] [Server thread/INFO]: [skQuery] Locating classes from SkQuery...
[19:51:27] [Server thread/INFO]: [skQuery] Beginning to process a total of 139 from SkQuery
[19:51:27] [Server thread/INFO]: [skQuery] Out of 139 classes, 137 classes were loaded from SkQuery
[19:51:27] [Server thread/INFO]: Server permissions file permissions.yml is empty, ignoring it
[19:51:27] [Server thread/INFO]: Done (22.145s)! For help, type "help" or "?"
[19:51:29] [Server thread/INFO]: [0;30;1m([0;31;22m[21mFAWE[0;30;1m)[m[0;37;22m Detected class org.bukkit.event.block.BlockExplodeEvent[m
[19:51:29] [Server thread/INFO]: [Skript] Loading variables...
[19:51:29] [Server thread/INFO]: [Skript] Loaded 4 variables in 0.1 seconds
[19:51:29] [Server thread/ERROR]: [Skript] indentation error: expected 8 spaces, but found '->____' [-> = tab, _ = space, ? = other whitespace] (kit_Manager.sk, line 35: give {_p} stone pickaxe with lore "&6Soulbound"')
[19:51:29] [Server thread/WARN]: [Skript] Empty configuration section! You might want to indent one or more of the subsequent lines to make them belong to this section or remove the colon at the end of the line if you don't want this line to start a section. (kit_Manager.sk, line 34: if {_p} do not have sword:')
[19:51:29] [Server thread/ERROR]: [Skript] indentation error: expected 8 spaces, but found '->____' [-> = tab, _ = space, ? = other whitespace] (kit_Manager.sk, line 37: give {_p} stone axe with lore "&6Soulbound"')
[19:51:29] [Server thread/WARN]: [Skript] Empty configuration section! You might want to indent one or more of the subsequent lines to make them belong to this section or remove the colon at the end of the line if you don't want this line to start a section. (kit_Manager.sk, line 36: if {_p} do not have sword:')
[19:51:29] [Server thread/ERROR]: [Skript] indentation error: expected 8 spaces, but found '____->' [-> = tab, _ = space, ? = other whitespace] (kit_Manager.sk, line 39: give {_p} stone shovel with lore "&6Soulbound"')
[19:51:29] [Server thread/WARN]: [Skript] Empty configuration section! You might want to indent one or more of the subsequent lines to make them belong to this section or remove the colon at the end of the line if you don't want this line to start a section. (kit_Manager.sk, line 38: if {_p} do not have sword:')
[19:51:30] [Server thread/INFO]: warrier, stone sword, blaze powder named [0;31;1mOverPower[m
[19:51:30] [Server thread/INFO]: [Skript] Loaded 2 scripts with a total of 1 trigger and 1 command in 0.74 seconds
[19:51:30] [Server thread/INFO]: [Skript] Finished loading.
[19:52:12] [Server thread/INFO]: [0;37;22m[[0;33;22mSkript[0;37;22m][m Reloading all scripts...[m
[19:52:12] [Server thread/INFO]: warrier, stone sword, blaze powder named [0;31;1mOverPower[m
[19:52:12] [Server thread/INFO]: All scripts loaded without errors.
[19:52:12] [Server thread/INFO]: Loaded 2 scripts with a total of 1 trigger and 1 command in 0.05 seconds
[19:52:12] [Server thread/INFO]: [0;37;22m[[0;33;22mSkript[0;37;22m][m Successfully reloaded all scripts.[m
[19:52:47] [User Authenticator #1/INFO]: UUID of player siso_AZ is f7d9c996-43d4-4c0f-846a-5860523d1324
[19:52:48] [Server thread/INFO]: siso_AZ[/127.0.0.1:64847] logged in with entity id 373 at ([world]-70.22241768866614, 70.0, 319.69999998807907)
[19:52:53] [Server thread/INFO]: siso_AZ issued server command: /gamemode 1
[19:52:53] [Server thread/INFO]: [siso_AZ: Set own game mode to Creative Mode]
[19:53:15] [Server thread/INFO]: siso_AZ issued server command: /ea giveItems(player, "warrier")
[19:53:15] [Server thread/INFO]: siso_AZ [f7d9c996-43d4-4c0f-846a-5860523d1324]: /ea giveItems(player, "warrier")
[19:53:48] [Server thread/INFO]: siso_AZ issued server command: /sk reload scripts
[19:53:49] [Server thread/INFO]: warrier, stone sword, blaze powder named [0;31;1mOverPower[m
[19:54:06] [Server thread/INFO]: siso_AZ issued server command: /sk reload scripts
[19:54:06] [Server thread/INFO]: warrier, stone sword, blaze powder named [0;31;1mOverPower[m
[19:54:10] [Server thread/INFO]: siso_AZ issued server command: /ea giveItems(player, "warrier")
[19:54:10] [Server thread/INFO]: siso_AZ [f7d9c996-43d4-4c0f-846a-5860523d1324]: /ea giveItems(player, "warrier")
[19:54:21] [Server thread/INFO]: siso_AZ issued server command: /ea giveItems(player, "warrier")
[19:54:21] [Server thread/INFO]: siso_AZ [f7d9c996-43d4-4c0f-846a-5860523d1324]: /ea giveItems(player, "warrier")
[19:54:44] [Server thread/INFO]: siso_AZ issued server command: /sk reload scripts
[19:54:45] [Server thread/INFO]: warrier, stone sword, blaze powder named [0;31;1mOverPower[m
[19:54:45] [Server thread/INFO]: siso_AZ issued server command: /ea giveItems(player, "warrier")
[19:54:45] [Server thread/INFO]: siso_AZ [f7d9c996-43d4-4c0f-846a-5860523d1324]: /ea giveItems(player, "warrier")
[19:54:45] [Server thread/INFO]: siso_AZ has made the advancement [Getting an Upgrade]
[19:55:27] [Server thread/INFO]: siso_AZ issued server command: /ea giveItems(player, "warrier")
[19:55:27] [Server thread/INFO]: siso_AZ [f7d9c996-43d4-4c0f-846a-5860523d1324]: /ea giveItems(player, "warrier")
[19:55:31] [Server thread/INFO]: siso_AZ issued server command: /ea giveItems(player, "warrier")
[19:55:31] [Server thread/INFO]: siso_AZ [f7d9c996-43d4-4c0f-846a-5860523d1324]: /ea giveItems(player, "warrier")
[19:55:37] [Server thread/INFO]: siso_AZ issued server command: /ea giveItems(player, "warrier")
[19:55:37] [Server thread/INFO]: siso_AZ [f7d9c996-43d4-4c0f-846a-5860523d1324]: /ea giveItems(player, "warrier")
[19:56:02] [Server thread/INFO]: siso_AZ issued server command: /ea set {kit.siso_AZ} to "warrier"
[19:56:02] [Server thread/INFO]: siso_AZ [f7d9c996-43d4-4c0f-846a-5860523d1324]: /ea set {kit.siso_AZ} to "warrier"
[19:56:02] [Server thread/WARN]: [Skript] Possible name conflict of variables {kit.siso_AZ} and {kit.%{_p}%} (there might be more conflicts).
[19:56:03] [Server thread/INFO]: siso_AZ issued server command: /ea giveItems(player, "warrier")
[19:56:03] [Server thread/INFO]: siso_AZ [f7d9c996-43d4-4c0f-846a-5860523d1324]: /ea giveItems(player, "warrier")
[19:56:07] [Server thread/INFO]: siso_AZ issued server command: /ea giveItems(player, "warrier")
[19:56:07] [Server thread/INFO]: siso_AZ [f7d9c996-43d4-4c0f-846a-5860523d1324]: /ea giveItems(player, "warrier")
[20:05:27] [Server thread/INFO]: siso_AZ lost connection: Disconnected
[20:05:27] [Server thread/INFO]: siso_AZ left the game
[20:14:27] [Server thread/INFO]: Stopping the server
[20:14:27] [Server thread/INFO]: Stopping server
[20:14:27] [Server thread/INFO]: [SkQuery] Disabling SkQuery v3.6.5
[20:14:27] [Server thread/INFO]: [skRayFall] Disabling skRayFall v1.9.18
[20:14:27] [Server thread/INFO]: [skRayFall] Bacon has been eaten. Make some more soon!
[20:14:27] [Server thread/INFO]: [WorldEdit] Disabling WorldEdit v6.1.7;dd00bb1
[20:14:27] [Server thread/INFO]: [Skellett] Disabling Skellett v1.9.8
[20:14:27] [Server thread/INFO]: [Multiverse-Core] Disabling Multiverse-Core v2.5.0-b727
[20:14:27] [Server thread/INFO]: [SkBee] Disabling SkBee v1.8.3
[20:14:27] [Server thread/INFO]: [Skript] Disabling Skript v2.3.6
[20:14:27] [Server thread/INFO]: [FastAsyncWorldEdit] Disabling FastAsyncWorldEdit v19.11.13-5505943-1282-22.3.5
[20:14:27] [Server thread/INFO]: Saving players
[20:14:27] [Server thread/INFO]: Saving worlds
[20:14:27] [Server thread/INFO]: Saving chunks for level 'world'/overworld
[20:14:27] [Server thread/INFO]: Saving chunks for level 'world_nether'/the_nether
[20:14:27] [Server thread/INFO]: Saving chunks for level 'world_the_end'/the_end
